mvn clean package
[INFO] Scanning for projects...
[INFO] 
[INFO] -----------------------< br.ufscar.dc.gsdr:mfog >-----------------------
[INFO] Building Mfog 0.5
[INFO] --------------------------------[ jar ]---------------------------------
[INFO] 
[INFO] --- maven-clean-plugin:2.5:clean (default-clean) @ mfog ---
[INFO] Deleting /home/puhl/project/minas-flink/mfog-java/target
[INFO] 
[INFO] --- maven-resources-plugin:2.6:resources (default-resources) @ mfog ---
[INFO] Using 'UTF-8' encoding to copy filtered resources.
[INFO] Copying 1 resource
[INFO] 
[INFO] --- maven-compiler-plugin:3.8.1:compile (default-compile) @ mfog ---
[INFO] Changes detected - recompiling the module!
[INFO] Compiling 26 source files to /home/puhl/project/minas-flink/mfog-java/target/classes
[INFO] /home/puhl/project/minas-flink/mfog-java/src/main/java/br/ufscar/dc/gsdr/mfog/KryoNetServerSource.java: Some input files use unchecked or unsafe operations.
[INFO] /home/puhl/project/minas-flink/mfog-java/src/main/java/br/ufscar/dc/gsdr/mfog/KryoNetServerSource.java: Recompile with -Xlint:unchecked for details.
[INFO] 
[INFO] --- maven-resources-plugin:2.6:testResources (default-testResources) @ mfog ---
[INFO] Using 'UTF-8' encoding to copy filtered resources.
[INFO] skip non existing resourceDirectory /home/puhl/project/minas-flink/mfog-java/src/test/resources
[INFO] 
[INFO] --- maven-compiler-plugin:3.8.1:testCompile (default-testCompile) @ mfog ---
[INFO] Changes detected - recompiling the module!
[INFO] Compiling 5 source files to /home/puhl/project/minas-flink/mfog-java/target/test-classes
[INFO] 
[INFO] --- maven-surefire-plugin:2.22.2:test (default-test) @ mfog ---
[INFO] 
[INFO] -------------------------------------------------------
[INFO]  T E S T S
[INFO] -------------------------------------------------------
[INFO] Running br.ufscar.dc.gsdr.mfog.ClusterTest
[0, N, normal, 502, 0, 0.04553028494064095, 0.1736759823342961]
[INFO] Tests run: 1, Failures: 0, Errors: 0, Skipped: 0, Time elapsed: 0.037 s - in br.ufscar.dc.gsdr.mfog.ClusterTest
[INFO] Running br.ufscar.dc.gsdr.mfog.structs.ClusterTest
[INFO] Tests run: 1, Failures: 0, Errors: 0, Skipped: 0, Time elapsed: 0.011 s - in br.ufscar.dc.gsdr.mfog.structs.ClusterTest
[INFO] Running br.ufscar.dc.gsdr.mfog.structs.PointTest
[INFO] Tests run: 1, Failures: 0, Errors: 0, Skipped: 0, Time elapsed: 0.001 s - in br.ufscar.dc.gsdr.mfog.structs.PointTest
[INFO] Running br.ufscar.dc.gsdr.mfog.structs.LabeledExampleTest
[INFO] Tests run: 1, Failures: 0, Errors: 0, Skipped: 0, Time elapsed: 0.001 s - in br.ufscar.dc.gsdr.mfog.structs.LabeledExampleTest
[INFO] Running br.ufscar.dc.gsdr.mfog.SourceKyotoTest
[INFO] Tests run: 1, Failures: 0, Errors: 0, Skipped: 0, Time elapsed: 0.001 s - in br.ufscar.dc.gsdr.mfog.SourceKyotoTest
[INFO] 
[INFO] Results:
[INFO] 
[INFO] Tests run: 5, Failures: 0, Errors: 0, Skipped: 0
[INFO] 
[INFO] 
[INFO] --- maven-jar-plugin:2.4:jar (default-jar) @ mfog ---
[INFO] Building jar: /home/puhl/project/minas-flink/mfog-java/target/mfog-0.5.jar
[INFO] 
[INFO] --- maven-shade-plugin:3.1.1:shade (default) @ mfog ---
[INFO] Excluding org.slf4j:slf4j-api:jar:1.7.15 from the shaded jar.
[INFO] Including org.json:json:jar:20190722 in the shaded jar.
[INFO] Including com.esotericsoftware.kryo:kryo:jar:2.24.0 in the shaded jar.
[INFO] Excluding com.esotericsoftware.minlog:minlog:jar:1.2 from the shaded jar.
[INFO] Including org.objenesis:objenesis:jar:2.1 in the shaded jar.
[INFO] Including com.esotericsoftware:kryonet:jar:2.22.0-RC1 in the shaded jar.
[INFO] Including com.esotericsoftware:jsonbeans:jar:0.7 in the shaded jar.
[INFO] Excluding org.slf4j:slf4j-log4j12:jar:1.7.7 from the shaded jar.
[INFO] Excluding log4j:log4j:jar:1.2.17 from the shaded jar.
[INFO] Replacing original artifact with shaded artifact.
[INFO] Replacing /home/puhl/project/minas-flink/mfog-java/target/mfog-0.5.jar with /home/puhl/project/minas-flink/mfog-java/target/mfog-0.5-shaded.jar
[INFO] Dependency-reduced POM written at: /home/puhl/project/minas-flink/mfog-java/dependency-reduced-pom.xml
[INFO] ------------------------------------------------------------------------
[INFO] BUILD SUCCESS
[INFO] ------------------------------------------------------------------------
[INFO] Total time:  4.685 s
[INFO] Finished at: 2020-05-22T11:30:26-03:00
[INFO] ------------------------------------------------------------------------
scp target/mfog-0.5.jar pi@almoco:/home/pi/
11:30:27 INFO  esotericsoftware.minlog kryonet: Server opened.
11:30:27 INFO  esotericsoftware.minlog kryonet: Server opened.
11:30:27 INFO  mfog.SinkFog ready


11:30:27 INFO  mfog.TrainingStatic connecting to 192.168.15.13:9997
11:30:27 INFO  esotericsoftware.minlog Connecting: /192.168.15.13:9997
11:30:27 INFO  esotericsoftware.minlog kryonet: Connection 1 connected: /192.168.15.13
11:30:28 INFO  esotericsoftware.minlog kryonet: Connection 1 connected: /192.168.15.13
11:30:28 INFO  mfog.TrainingStatic Sending
11:30:28 INFO  mfog.ModelStore msg=Message{value=SEND_ONLY}
11:30:28 INFO  esotericsoftware.minlog kryonet: Connection 1 disconnected.
11:30:28 INFO  mfog.TrainingStatic 100 items, 36 ms, 35288519 ns, 2 i/ms
11:30:28 INFO  mfog.ModelStore msg=Message{value=DONE}
11:30:28 INFO  mfog.ModelStore done receiving
11:30:28 INFO  mfog.ModelStore Connection 1 101 items, 181 ms, 180817225 ns, 0 i/ms
11:30:28 INFO  esotericsoftware.minlog kryonet: Connection 1 disconnected.
ssh pi@almoco flink-1.10.0/bin/flink run --class br.ufscar.dc.gsdr.mfog.Classifier ./mfog-0.5.jar
11:30:30 INFO  mfog.SourceKyoto start
11:30:30 INFO  esotericsoftware.minlog kryonet: Server opened.
Job has been submitted with JobID fcc6631f947466e47739a087866e6db3
11:30:37 INFO  esotericsoftware.minlog kryonet: Connection 2 connected: /192.168.15.16
11:30:37 INFO  esotericsoftware.minlog kryonet: Connection 1 connected: /192.168.15.16
11:30:37 INFO  mfog.SourceKyoto  connected Connection 1
11:30:37 INFO  mfog.SourceKyoto  idle 1
11:30:37 INFO  mfog.ModelStore msg=Message{value=CLASSIFIER}
11:30:37 INFO  mfog.ModelStore msg=Message{value=RECEIVE_ONLY}
11:30:37 INFO  mfog.SourceKyoto  received Message{value=CLASSIFIER}
11:30:37 INFO  mfog.SourceKyoto  sending...
11:30:37 INFO  mfog.ModelStore Connection 2 202 items, 74 ms, 74028046 ns, 2 i/ms
11:30:37 INFO  esotericsoftware.minlog kryonet: Connection 2 disconnected.
11:30:38 INFO  mfog.SourceKyoto  idle 19097
11:30:38 INFO  esotericsoftware.minlog kryonet: Connection 1 connected: /192.168.15.16
11:30:38 INFO  esotericsoftware.minlog kryonet: Connection 2 connected: /192.168.15.16
11:30:38 INFO  mfog.SinkFog server received Connection 1 1 items, 18 ms, 18372283 ns, 0 i/ms
11:30:38 INFO  mfog.SinkFog server received Connection 2 1 items, 34 ms, 34294761 ns, 0 i/ms
11:30:38 INFO  esotericsoftware.minlog kryonet: Connection 3 connected: /192.168.15.16
11:30:38 INFO  mfog.SinkFog server received Connection 3 1 items, 16 ms, 15679043 ns, 0 i/ms
11:30:38 INFO  esotericsoftware.minlog kryonet: Connection 4 connected: /192.168.15.16
11:30:38 INFO  mfog.SinkFog server received Connection 4 1 items, 14 ms, 14453418 ns, 0 i/ms
11:30:39 INFO  mfog.SourceKyoto  idle 23403
11:30:40 INFO  mfog.SourceKyoto  idle 34820
11:30:41 INFO  mfog.SourceKyoto  idle 52120
11:30:42 INFO  mfog.SourceKyoto  idle 65959
11:30:43 INFO  mfog.SourceKyoto  idle 81528
11:30:44 INFO  mfog.SourceKyoto  idle 97674
11:30:45 INFO  mfog.SourceKyoto  idle 111513
11:30:47 INFO  mfog.SourceKyoto  idle 126506
11:30:48 INFO  mfog.SourceKyoto  idle 144381
11:30:49 INFO  mfog.SourceKyoto  idle 159951
11:30:49 INFO  esotericsoftware.minlog kryonet: Connection 1 disconnected.
11:30:49 INFO  mfog.SourceKyoto  disconnected Connection 1 162257 items, 12129 ms, 12128873822 ns, 13 i/ms
11:30:49 INFO  mfog.SinkFog received Disconnect
11:30:49 INFO  mfog.SinkFog disconnected Connection 2 40566 items, 11419 ms, 11418983540 ns, 3 i/ms
11:30:49 INFO  esotericsoftware.minlog kryonet: Connection 2 disconnected.
11:30:49 INFO  mfog.SinkFog server received Connection 2 40566 items, 11419 ms, 11419213379 ns, 3 i/ms
11:30:49 INFO  mfog.SinkFog received Disconnect
11:30:49 INFO  mfog.SinkFog disconnected Connection 3 40566 items, 11409 ms, 11409062073 ns, 3 i/ms
11:30:49 INFO  esotericsoftware.minlog kryonet: Connection 3 disconnected.
11:30:49 INFO  mfog.SinkFog server received Connection 3 40566 items, 11409 ms, 11409204978 ns, 3 i/ms
11:30:49 INFO  mfog.SinkFog received Disconnect
11:30:49 INFO  mfog.SinkFog disconnected Connection 1 40566 items, 11449 ms, 11449421291 ns, 3 i/ms
11:30:49 INFO  esotericsoftware.minlog kryonet: Connection 1 disconnected.
11:30:49 INFO  mfog.SinkFog server received Connection 1 40566 items, 11449 ms, 11449563717 ns, 3 i/ms
11:30:50 INFO  mfog.SourceKyoto  sending...  ...done Connection 1 653459 items, 12795 ms, 12795037245 ns, 51 i/ms
11:30:50 INFO  mfog.SinkFog received Disconnect
11:30:50 INFO  mfog.SinkFog disconnected Connection 4 40566 items, 11766 ms, 11765694919 ns, 3 i/ms
11:30:50 INFO  esotericsoftware.minlog kryonet: Connection 4 disconnected.
11:30:50 INFO  mfog.SinkFog server received Connection 4 40566 items, 11766 ms, 11765800370 ns, 3 i/ms
Program execution finished
Job with JobID fcc6631f947466e47739a087866e6db3 has finished.
Job Runtime: 15050 ms

done
11:31:27 WARN  mfog.ModelStore Timed-out EXIT
11:31:27 INFO  mfog.ModelStore done serving
11:31:27 INFO  esotericsoftware.minlog kryonet: Server closed.
11:31:27 INFO  mfog.ModelStore shutdown
